#
# A fatal error has been detected by the Java Runtime Environment:
#
#  SIGSEGV (0xb) at pc=0x00007f0fccff819c, pid=6195, tid=139703459194624
#
# JRE version: 6.0_18-b18
# Java VM: OpenJDK 64-Bit Server VM (14.0-b16 mixed mode linux-amd64 )
# Derivative: IcedTea6 1.8.13
# Distribution: Debian GNU/Linux 6.0.4 (squeeze), package 6b18-1.8.13-0+squeeze1
# Problematic frame:
# V  [libjvm.so+0x66919c]
#
# If you would like to submit a bug report, please include
# instructions how to reproduce the bug and visit:
#   http://icedtea.classpath.org/bugzilla
#

---------------  T H R E A D  ---------------

Current thread (0x00007f0f38010000):  JavaThread "JDWP Transport Listener: dt_socket" daemon [_thread_in_vm, id=6211, stack(0x00007f0f3eff2000,0x00007f0f3f0f3000)]

siginfo:si_signo=SIGSEGV: si_errno=0, si_code=1 (SEGV_MAPERR), si_addr=0x0000000000000018

Registers:
RAX=0x0000000000000000, RBX=0x0000000000000018, RCX=0x000000000000001c, RDX=0x0000000000000000
RSP=0x00007f0f3f0f1920, RBP=0x00007f0f3f0f1920, RSI=0x000000000000000e, RDI=0x0000000000000018
R8 =0x000000000000001e, R9 =0x0101010101010101, R10=0x00000000ffffffe0, R11=0x00007f0fcd49f80a
R12=0x000000000000000f, R13=0x000000000259c098, R14=0x00007f0f38010860, R15=0x0000000000000000
RIP=0x00007f0fccff819c, EFL=0x0000000000010246, CSGSFS=0x0000000000000033, ERR=0x0000000000000004
  TRAPNO=0x000000000000000e

Top of Stack: (sp=0x00007f0f3f0f1920)
0x00007f0f3f0f1920:   00007f0f3f0f1940 00007f0fccff8272
0x00007f0f3f0f1930:   00007f0f38010000 00007f0f3800fc60
0x00007f0f3f0f1940:   00007f0f3f0f19e0 00007f0fccd8110d
0x00007f0f3f0f1950:   00007f0f38010000 00007f0fccd7fb42
0x00007f0f3f0f1960:   00007f0f38010870 00007f0f38010c48
0x00007f0f3f0f1970:   00007f0fcbca4620 00007f0f3f0f1980
0x00007f0f3f0f1980:   00007f0f38010000 0000000000000000
0x00007f0f3f0f1990:   00007f0f3f0f19e0 00007f0fcba916b2
0x00007f0f3f0f19a0:   00007f0f38010000 00007f0f38010000
0x00007f0f3f0f19b0:   00007f0f3f0f19e0 00007f0f380101b8
0x00007f0f3f0f19c0:   000000000259c098 00007f0fcbca4620
0x00007f0f3f0f19d0:   00007f0f3f0f1a60 000000000000000a
0x00007f0f3f0f19e0:   00007f0f3f0f1a20 00007f0fcba74202
0x00007f0f3f0f19f0:   0000000000004566 0000000000010a00
0x00007f0f3f0f1a00:   00007f0f3f0f1bf0 000000000000000a
0x00007f0f3f0f1a10:   00007f0f3f0f1a60 000000000000000a
0x00007f0f3f0f1a20:   00007f0f3f0f1c70 00007f0fcba7c468
0x00007f0f3f0f1a30:   0000456600000013 0000000002010a00
0x00007f0f3f0f1a40:   00000000025aef60 00007f0fcdb955d4
0x00007f0f3f0f1a50:   00007f0f3f0f1a60 01007f0fccf9f954
0x00007f0f3f0f1a60:   00007f0f3f0f1ab0 00007f0f0000012c
0x00007f0f3f0f1a70:   00007f0f3f0f1a78 00007f0f00000000
0x00007f0f3f0f1a80:   00007f0f3f0f1ab0 0000000000000000
0x00007f0f3f0f1a90:   00007f0000000000 0000456600000018
0x00007f0f3f0f1aa0:   00007f0f00000080 00007f0f3f0f1ab0
0x00007f0f3f0f1ab0:   0000005b01000000 000000a200000000
0x00007f0f3f0f1ac0:   0000001100000000 000000c88d570200
0x00007f0f3f0f1ad0:   0000002f00000000 00000101005d0200
0x00007f0f3f0f1ae0:   0000110000000000 0000c83155020000
0x00007f0f3f0f1af0:   0000060000000000 000102005d020000
0x00007f0f3f0f1b00:   0060000000000000 ffc0595a02000000
0x00007f0f3f0f1b10:   00ffffffffffffff 0103005d02000000 

Instructions: (pc=0x00007f0fccff819c)
0x00007f0fccff818c:   00 00 00 00 48 83 c2 02 83 c0 01 4c 39 c2 74 24
0x00007f0fccff819c:   0f b7 0c 17 8d 71 ff 66 83 fe 7e 76 e7 8d 70 02 

Stack: [0x00007f0f3eff2000,0x00007f0f3f0f3000],  sp=0x00007f0f3f0f1920,  free space=1022k
Native frames: (J=compiled Java code, j=interpreted, Vv=VM code, C=native code)
V  [libjvm.so+0x66919c]
V  [libjvm.so+0x669272]
V  [libjvm.so+0x3f210d]
C  [libjdwp.so+0x9202]
C  [libjdwp.so+0x11468]
C  [libjdwp.so+0x23e9e]
V  [libjvm.so+0x490849]
V  [libjvm.so+0x64884b]
V  [libjvm.so+0x5578d2]


---------------  P R O C E S S  ---------------

Java Threads: ( => current thread )
  0x00007f0f3805c800 JavaThread "Thread-19" [_thread_blocked, id=6380, stack(0x00007f0f3d5d8000,0x00007f0f3d6d9000)]
  0x00007f0f3805a800 JavaThread "Thread-18" [_thread_blocked, id=6373, stack(0x00007f0f3d6d9000,0x00007f0f3d7da000)]
  0x00007f0f38058800 JavaThread "Thread-17" [_thread_blocked, id=6366, stack(0x00007f0f3d7da000,0x00007f0f3d8db000)]
  0x00007f0f38056800 JavaThread "Thread-16" [_thread_blocked, id=6359, stack(0x00007f0f3d8db000,0x00007f0f3d9dc000)]
  0x00007f0f38054800 JavaThread "Thread-15" [_thread_blocked, id=6353, stack(0x00007f0f3d9dc000,0x00007f0f3dadd000)]
  0x00007f0f38052800 JavaThread "Thread-14" [_thread_blocked, id=6345, stack(0x00007f0f3dadd000,0x00007f0f3dbde000)]
  0x00007f0f38050800 JavaThread "Thread-13" [_thread_blocked, id=6339, stack(0x00007f0f3dbde000,0x00007f0f3dcdf000)]
  0x00007f0f3804e800 JavaThread "Thread-12" [_thread_blocked, id=6331, stack(0x00007f0f3dcdf000,0x00007f0f3dde0000)]
  0x00007f0f3804c800 JavaThread "Thread-11" [_thread_blocked, id=6325, stack(0x00007f0f3dde0000,0x00007f0f3dee1000)]
  0x00007f0f3804a000 JavaThread "Thread-10" [_thread_blocked, id=6317, stack(0x00007f0f3dee1000,0x00007f0f3dfe2000)]
  0x00007f0f38048000 JavaThread "Thread-9" [_thread_blocked, id=6311, stack(0x00007f0f3dfe2000,0x00007f0f3e0e3000)]
  0x00007f0f38046000 JavaThread "Thread-8" [_thread_blocked, id=6303, stack(0x00007f0f3e0e3000,0x00007f0f3e1e4000)]
  0x00007f0f38044000 JavaThread "Thread-7" [_thread_blocked, id=6297, stack(0x00007f0f3e1e4000,0x00007f0f3e2e5000)]
  0x00007f0f38042000 JavaThread "Thread-6" [_thread_blocked, id=6289, stack(0x00007f0f3e2e5000,0x00007f0f3e3e6000)]
  0x00007f0f38040000 JavaThread "Thread-5" [_thread_blocked, id=6282, stack(0x00007f0f3e3e6000,0x00007f0f3e4e7000)]
  0x00007f0f3803e000 JavaThread "Thread-4" [_thread_blocked, id=6275, stack(0x00007f0f3e4e7000,0x00007f0f3e5e8000)]
  0x00007f0f3803c000 JavaThread "Thread-3" [_thread_blocked, id=6268, stack(0x00007f0f3e5e8000,0x00007f0f3e6e9000)]
  0x00007f0f3803a000 JavaThread "Thread-2" [_thread_blocked, id=6261, stack(0x00007f0f3e6e9000,0x00007f0f3e7ea000)]
  0x00007f0f38038000 JavaThread "Thread-1" [_thread_blocked, id=6254, stack(0x00007f0f3e7ea000,0x00007f0f3e8eb000)]
  0x00007f0f38036800 JavaThread "Thread-0" [_thread_blocked, id=6248, stack(0x00007f0f3e8eb000,0x00007f0f3e9ec000)]
  0x00007f0f3801b800 JavaThread "Low Memory Detector" daemon [_thread_blocked, id=6221, stack(0x00007f0f3eaed000,0x00007f0f3ebee000)]
  0x00007f0f38018000 JavaThread "CompilerThread1" daemon [_thread_blocked, id=6220, stack(0x00007f0f3ebee000,0x00007f0f3ecef000)]
  0x00007f0f38016000 JavaThread "CompilerThread0" daemon [_thread_blocked, id=6219, stack(0x00007f0f3ecef000,0x00007f0f3edf0000)]
  0x000000000257f800 JavaThread "JDWP Command Reader" daemon [_thread_in_native, id=6215, stack(0x00007f0f3edf0000,0x00007f0f3eef1000)]
  0x00007f0f38013800 JavaThread "JDWP Event Helper Thread" daemon [_thread_blocked, id=6212, stack(0x00007f0f3eef1000,0x00007f0f3eff2000)]
=>0x00007f0f38010000 JavaThread "JDWP Transport Listener: dt_socket" daemon [_thread_in_vm, id=6211, stack(0x00007f0f3eff2000,0x00007f0f3f0f3000)]
  0x000000000257d800 JavaThread "Signal Dispatcher" daemon [_thread_blocked, id=6209, stack(0x00007f0f3f2f7000,0x00007f0f3f3f8000)]
  0x000000000255f800 JavaThread "Finalizer" daemon [_thread_blocked, id=6208, stack(0x00007f0f3f3f8000,0x00007f0f3f4f9000)]
  0x000000000255d800 JavaThread "Reference Handler" daemon [_thread_blocked, id=6207, stack(0x00007f0f3f4f9000,0x00007f0f3f5fa000)]
  0x00000000024ee000 JavaThread "main" [_thread_blocked, id=6196, stack(0x00007f0fce0c0000,0x00007f0fce1c1000)]

Other Threads:
  0x0000000002556000 VMThread [stack: 0x00007f0f3f5fa000,0x00007f0f3f6fb000] [id=6206]
  0x00007f0f3801e000 WatcherThread [stack: 0x00007f0f3e9ec000,0x00007f0f3eaed000] [id=6222]

VM state:not at safepoint (normal execution)

VM Mutex/Monitor currently owned by a thread: None

Heap
 PSYoungGen      total 37376K, used 1924K [0x00007f0f9e370000, 0x00007f0fa0d20000, 0x00007f0fc7ec0000)
  eden space 32064K, 6% used [0x00007f0f9e370000,0x00007f0f9e5513e8,0x00007f0fa02c0000)
  from space 5312K, 0% used [0x00007f0fa07f0000,0x00007f0fa07f0000,0x00007f0fa0d20000)
  to   space 5312K, 0% used [0x00007f0fa02c0000,0x00007f0fa02c0000,0x00007f0fa07f0000)
 PSOldGen        total 85440K, used 0K [0x00007f0f4acc0000, 0x00007f0f50030000, 0x00007f0f9e370000)
  object space 85440K, 0% used [0x00007f0f4acc0000,0x00007f0f4acc0000,0x00007f0f50030000)
 PSPermGen       total 21248K, used 3224K [0x00007f0f404c0000, 0x00007f0f41980000, 0x00007f0f4acc0000)
  object space 21248K, 15% used [0x00007f0f404c0000,0x00007f0f407e6130,0x00007f0f41980000)

Dynamic libraries:
00400000-00409000 r-xp 00000000 08:01 11200535                           /usr/lib/jvm/java-6-openjdk/jre/bin/java
00608000-00609000 rw-p 00008000 08:01 11200535                           /usr/lib/jvm/java-6-openjdk/jre/bin/java
024e3000-025cc000 rw-p 00000000 00:00 0                                  [heap]
7f0f38000000-7f0f38069000 rw-p 00000000 00:00 0 
7f0f38069000-7f0f3c000000 ---p 00000000 00:00 0 
7f0f3d5d8000-7f0f3d5db000 ---p 00000000 00:00 0 
7f0f3d5db000-7f0f3d6d9000 rw-p 00000000 00:00 0 
7f0f3d6d9000-7f0f3d6dc000 ---p 00000000 00:00 0 
7f0f3d6dc000-7f0f3d7da000 rw-p 00000000 00:00 0 
7f0f3d7da000-7f0f3d7dd000 ---p 00000000 00:00 0 
7f0f3d7dd000-7f0f3d8db000 rw-p 00000000 00:00 0 
7f0f3d8db000-7f0f3d8de000 ---p 00000000 00:00 0 
7f0f3d8de000-7f0f3d9dc000 rw-p 00000000 00:00 0 
7f0f3d9dc000-7f0f3d9df000 ---p 00000000 00:00 0 
7f0f3d9df000-7f0f3dadd000 rw-p 00000000 00:00 0 
7f0f3dadd000-7f0f3dae0000 ---p 00000000 00:00 0 
7f0f3dae0000-7f0f3dbde000 rw-p 00000000 00:00 0 
7f0f3dbde000-7f0f3dbe1000 ---p 00000000 00:00 0 
7f0f3dbe1000-7f0f3dcdf000 rw-p 00000000 00:00 0 
7f0f3dcdf000-7f0f3dce2000 ---p 00000000 00:00 0 
7f0f3dce2000-7f0f3dde0000 rw-p 00000000 00:00 0 
7f0f3dde0000-7f0f3dde3000 ---p 00000000 00:00 0 
7f0f3dde3000-7f0f3dee1000 rw-p 00000000 00:00 0 
7f0f3dee1000-7f0f3dee4000 ---p 00000000 00:00 0 
7f0f3dee4000-7f0f3dfe2000 rw-p 00000000 00:00 0 
7f0f3dfe2000-7f0f3dfe5000 ---p 00000000 00:00 0 
7f0f3dfe5000-7f0f3e0e3000 rw-p 00000000 00:00 0 
7f0f3e0e3000-7f0f3e0e6000 ---p 00000000 00:00 0 
7f0f3e0e6000-7f0f3e1e4000 rw-p 00000000 00:00 0 
7f0f3e1e4000-7f0f3e1e7000 ---p 00000000 00:00 0 
7f0f3e1e7000-7f0f3e2e5000 rw-p 00000000 00:00 0 
7f0f3e2e5000-7f0f3e2e8000 ---p 00000000 00:00 0 
7f0f3e2e8000-7f0f3e3e6000 rw-p 00000000 00:00 0 
7f0f3e3e6000-7f0f3e3e9000 ---p 00000000 00:00 0 
7f0f3e3e9000-7f0f3e4e7000 rw-p 00000000 00:00 0 
7f0f3e4e7000-7f0f3e4ea000 ---p 00000000 00:00 0 
7f0f3e4ea000-7f0f3e5e8000 rw-p 00000000 00:00 0 
7f0f3e5e8000-7f0f3e5eb000 ---p 00000000 00:00 0 
7f0f3e5eb000-7f0f3e6e9000 rw-p 00000000 00:00 0 
7f0f3e6e9000-7f0f3e6ec000 ---p 00000000 00:00 0 
7f0f3e6ec000-7f0f3e7ea000 rw-p 00000000 00:00 0 
7f0f3e7ea000-7f0f3e7ed000 ---p 00000000 00:00 0 
7f0f3e7ed000-7f0f3e8eb000 rw-p 00000000 00:00 0 
7f0f3e8eb000-7f0f3e8ee000 ---p 00000000 00:00 0 
7f0f3e8ee000-7f0f3e9ec000 rw-p 00000000 00:00 0 
7f0f3e9ec000-7f0f3e9ed000 ---p 00000000 00:00 0 
7f0f3e9ed000-7f0f3eaed000 rw-p 00000000 00:00 0 
7f0f3eaed000-7f0f3eaf0000 ---p 00000000 00:00 0 
7f0f3eaf0000-7f0f3ebee000 rw-p 00000000 00:00 0 
7f0f3ebee000-7f0f3ebf1000 ---p 00000000 00:00 0 
7f0f3ebf1000-7f0f3ecef000 rw-p 00000000 00:00 0 
7f0f3ecef000-7f0f3ecf2000 ---p 00000000 00:00 0 
7f0f3ecf2000-7f0f3edf0000 rw-p 00000000 00:00 0 
7f0f3edf0000-7f0f3edf3000 ---p 00000000 00:00 0 
7f0f3edf3000-7f0f3eef1000 rw-p 00000000 00:00 0 
7f0f3eef1000-7f0f3eef4000 ---p 00000000 00:00 0 
7f0f3eef4000-7f0f3eff2000 rw-p 00000000 00:00 0 
7f0f3eff2000-7f0f3eff5000 ---p 00000000 00:00 0 
7f0f3eff5000-7f0f3f0f3000 rw-p 00000000 00:00 0 
7f0f3f0f3000-7f0f3f0f7000 r-xp 00000000 08:01 11206672                   /usr/lib/jvm/java-6-openjdk/jre/lib/amd64/libdt_socket.so
7f0f3f0f7000-7f0f3f2f6000 ---p 00004000 08:01 11206672                   /usr/lib/jvm/java-6-openjdk/jre/lib/amd64/libdt_socket.so
7f0f3f2f6000-7f0f3f2f7000 rw-p 00003000 08:01 11206672                   /usr/lib/jvm/java-6-openjdk/jre/lib/amd64/libdt_socket.so
7f0f3f2f7000-7f0f3f2fa000 ---p 00000000 00:00 0 
7f0f3f2fa000-7f0f3f3f8000 rw-p 00000000 00:00 0 
7f0f3f3f8000-7f0f3f3fb000 ---p 00000000 00:00 0 
7f0f3f3fb000-7f0f3f4f9000 rw-p 00000000 00:00 0 
7f0f3f4f9000-7f0f3f4fc000 ---p 00000000 00:00 0 
7f0f3f4fc000-7f0f3f5fa000 rw-p 00000000 00:00 0 
7f0f3f5fa000-7f0f3f5fb000 ---p 00000000 00:00 0 
7f0f3f5fb000-7f0f3f7d3000 rw-p 00000000 00:00 0 
7f0f3f7d3000-7f0f3f966000 r--s 0392f000 08:01 11200558                   /usr/lib/jvm/java-6-openjdk/jre/lib/rt.jar
7f0f3f966000-7f0f3f98e000 rw-p 00000000 00:00 0 
7f0f3f98e000-7f0f3f98f000 ---p 00000000 00:00 0 
7f0f3f98f000-7f0f3fa8f000 rw-p 00000000 00:00 0 
7f0f3fa8f000-7f0f3fa90000 ---p 00000000 00:00 0 
7f0f3fa90000-7f0f3fb90000 rw-p 00000000 00:00 0 
7f0f3fb90000-7f0f3fb91000 ---p 00000000 00:00 0 
7f0f3fb91000-7f0f3fc91000 rw-p 00000000 00:00 0 
7f0f3fc91000-7f0f3fc92000 ---p 00000000 00:00 0 
7f0f3fc92000-7f0f3fd92000 rw-p 00000000 00:00 0 
7f0f3fd92000-7f0f3fd9d000 rwxp 00000000 00:00 0 
7f0f3fd9d000-7f0f3fde6000 rwxp 00000000 00:00 0 
7f0f3fde6000-7f0f3fe10000 rwxp 00000000 00:00 0 
7f0f3fe10000-7f0f40082000 rwxp 00000000 00:00 0 
7f0f40082000-7f0f4008d000 rwxp 00000000 00:00 0 
7f0f4008d000-7f0f400d6000 rwxp 00000000 00:00 0 
7f0f400d6000-7f0f40100000 rwxp 00000000 00:00 0 
7f0f40100000-7f0f40371000 rwxp 00000000 00:00 0 
7f0f40371000-7f0f40387000 rwxp 00000000 00:00 0 
7f0f40387000-7f0f404bf000 rwxp 00000000 00:00 0 
7f0f404bf000-7f0f41980000 rwxp 00000000 00:00 0 
7f0f41980000-7f0f4acc0000 rwxp 00000000 00:00 0 
7f0f4acc0000-7f0f50030000 rwxp 00000000 00:00 0 
7f0f50030000-7f0f9e370000 rwxp 00000000 00:00 0 
7f0f9e370000-7f0fa0d20000 rwxp 00000000 00:00 0 
7f0fa0d20000-7f0fc7ec0000 rwxp 00000000 00:00 0 
7f0fc7ecc000-7f0fc813c000 rwxp 00000000 00:00 0 
7f0fc813c000-7f0fcaecc000 rwxp 00000000 00:00 0 
7f0fcaecc000-7f0fcaed3000 r-xp 00000000 08:01 11206697                   /usr/lib/jvm/java-6-openjdk/jre/lib/amd64/libzip.so
7f0fcaed3000-7f0fcb0d2000 ---p 00007000 08:01 11206697                   /usr/lib/jvm/java-6-openjdk/jre/lib/amd64/libzip.so
7f0fcb0d2000-7f0fcb0d3000 rw-p 00006000 08:01 11206697                   /usr/lib/jvm/java-6-openjdk/jre/lib/amd64/libzip.so
7f0fcb0d3000-7f0fcb0df000 r-xp 00000000 08:01 9003036                    /lib/libnss_files-2.11.3.so
7f0fcb0df000-7f0fcb2de000 ---p 0000c000 08:01 9003036                    /lib/libnss_files-2.11.3.so
7f0fcb2de000-7f0fcb2df000 r--p 0000b000 08:01 9003036                    /lib/libnss_files-2.11.3.so
7f0fcb2df000-7f0fcb2e0000 rw-p 0000c000 08:01 9003036                    /lib/libnss_files-2.11.3.so
7f0fcb2e0000-7f0fcb2ea000 r-xp 00000000 08:01 9004337                    /lib/libnss_nis-2.11.3.so
7f0fcb2ea000-7f0fcb4e9000 ---p 0000a000 08:01 9004337                    /lib/libnss_nis-2.11.3.so
7f0fcb4e9000-7f0fcb4ea000 r--p 00009000 08:01 9004337                    /lib/libnss_nis-2.11.3.so
7f0fcb4ea000-7f0fcb4eb000 rw-p 0000a000 08:01 9004337                    /lib/libnss_nis-2.11.3.so
7f0fcb4eb000-7f0fcb4f2000 r-xp 00000000 08:01 9004322                    /lib/libnss_compat-2.11.3.so
7f0fcb4f2000-7f0fcb6f1000 ---p 00007000 08:01 9004322                    /lib/libnss_compat-2.11.3.so
7f0fcb6f1000-7f0fcb6f2000 r--p 00006000 08:01 9004322                    /lib/libnss_compat-2.11.3.so
7f0fcb6f2000-7f0fcb6f3000 rw-p 00007000 08:01 9004322                    /lib/libnss_compat-2.11.3.so
7f0fcb6f3000-7f0fcb868000 r--p 00000000 08:01 11093220                   /usr/lib/locale/locale-archive
7f0fcb868000-7f0fcb86b000 r-xp 00000000 08:01 11206692                   /usr/lib/jvm/java-6-openjdk/jre/lib/amd64/libnpt.so
7f0fcb86b000-7f0fcba6a000 ---p 00003000 08:01 11206692                   /usr/lib/jvm/java-6-openjdk/jre/lib/amd64/libnpt.so
7f0fcba6a000-7f0fcba6b000 rw-p 00002000 08:01 11206692                   /usr/lib/jvm/java-6-openjdk/jre/lib/amd64/libnpt.so
7f0fcba6b000-7f0fcbaa4000 r-xp 00000000 08:01 11206683                   /usr/lib/jvm/java-6-openjdk/jre/lib/amd64/libjdwp.so
7f0fcbaa4000-7f0fcbca3000 ---p 00039000 08:01 11206683                   /usr/lib/jvm/java-6-openjdk/jre/lib/amd64/libjdwp.so
7f0fcbca3000-7f0fcbca4000 rw-p 00038000 08:01 11206683                   /usr/lib/jvm/java-6-openjdk/jre/lib/amd64/libjdwp.so
7f0fcbca4000-7f0fcbca5000 rw-p 00000000 00:00 0 
7f0fcbca5000-7f0fcbcad000 r-xp 00000000 08:01 11206702                   /usr/lib/jvm/java-6-openjdk/jre/lib/amd64/native_threads/libhpi.so
7f0fcbcad000-7f0fcbeac000 ---p 00008000 08:01 11206702                   /usr/lib/jvm/java-6-openjdk/jre/lib/amd64/native_threads/libhpi.so
7f0fcbeac000-7f0fcbeae000 rw-p 00007000 08:01 11206702                   /usr/lib/jvm/java-6-openjdk/jre/lib/amd64/native_threads/libhpi.so
7f0fcbeae000-7f0fcbec3000 r-xp 00000000 08:01 9004327                    /lib/libnsl-2.11.3.so
7f0fcbec3000-7f0fcc0c2000 ---p 00015000 08:01 9004327                    /lib/libnsl-2.11.3.so
7f0fcc0c2000-7f0fcc0c3000 r--p 00014000 08:01 9004327                    /lib/libnsl-2.11.3.so
7f0fcc0c3000-7f0fcc0c4000 rw-p 00015000 08:01 9004327                    /lib/libnsl-2.11.3.so
7f0fcc0c4000-7f0fcc0c6000 rw-p 00000000 00:00 0 
7f0fcc0c6000-7f0fcc0f2000 r-xp 00000000 08:01 11206680                   /usr/lib/jvm/java-6-openjdk/jre/lib/amd64/libjava.so
7f0fcc0f2000-7f0fcc2f1000 ---p 0002c000 08:01 11206680                   /usr/lib/jvm/java-6-openjdk/jre/lib/amd64/libjava.so
7f0fcc2f1000-7f0fcc2f5000 rw-p 0002b000 08:01 11206680                   /usr/lib/jvm/java-6-openjdk/jre/lib/amd64/libjava.so
7f0fcc2f5000-7f0fcc303000 r-xp 00000000 08:01 11206696                   /usr/lib/jvm/java-6-openjdk/jre/lib/amd64/libverify.so
7f0fcc303000-7f0fcc503000 ---p 0000e000 08:01 11206696                   /usr/lib/jvm/java-6-openjdk/jre/lib/amd64/libverify.so
7f0fcc503000-7f0fcc505000 rw-p 0000e000 08:01 11206696                   /usr/lib/jvm/java-6-openjdk/jre/lib/amd64/libverify.so
7f0fcc505000-7f0fcc50c000 r-xp 00000000 08:01 9004320                    /lib/librt-2.11.3.so
7f0fcc50c000-7f0fcc70b000 ---p 00007000 08:01 9004320                    /lib/librt-2.11.3.so
7f0fcc70b000-7f0fcc70c000 r--p 00006000 08:01 9004320                    /lib/librt-2.11.3.so
7f0fcc70c000-7f0fcc70d000 rw-p 00007000 08:01 9004320                    /lib/librt-2.11.3.so
7f0fcc70d000-7f0fcc78d000 r-xp 00000000 08:01 9004336                    /lib/libm-2.11.3.so
7f0fcc78d000-7f0fcc98d000 ---p 00080000 08:01 9004336                    /lib/libm-2.11.3.so
7f0fcc98d000-7f0fcc98e000 r--p 00080000 08:01 9004336                    /lib/libm-2.11.3.so
7f0fcc98e000-7f0fcc98f000 rw-p 00081000 08:01 9004336                    /lib/libm-2.11.3.so
7f0fcc98f000-7f0fcd15f000 r-xp 00000000 08:01 11206699                   /usr/lib/jvm/java-6-openjdk/jre/lib/amd64/server/libjvm.so
7f0fcd15f000-7f0fcd35f000 ---p 007d0000 08:01 11206699                   /usr/lib/jvm/java-6-openjdk/jre/lib/amd64/server/libjvm.so
7f0fcd35f000-7f0fcd3e5000 rw-p 007d0000 08:01 11206699                   /usr/lib/jvm/java-6-openjdk/jre/lib/amd64/server/libjvm.so
7f0fcd3e5000-7f0fcd421000 rw-p 00000000 00:00 0 
7f0fcd421000-7f0fcd57a000 r-xp 00000000 08:01 9004323                    /lib/libc-2.11.3.so
7f0fcd57a000-7f0fcd779000 ---p 00159000 08:01 9004323                    /lib/libc-2.11.3.so
7f0fcd779000-7f0fcd77d000 r--p 00158000 08:01 9004323                    /lib/libc-2.11.3.so
7f0fcd77d000-7f0fcd77e000 rw-p 0015c000 08:01 9004323                    /lib/libc-2.11.3.so
7f0fcd77e000-7f0fcd783000 rw-p 00000000 00:00 0 
7f0fcd783000-7f0fcd785000 r-xp 00000000 08:01 9004335                    /lib/libdl-2.11.3.so
7f0fcd785000-7f0fcd985000 ---p 00002000 08:01 9004335                    /lib/libdl-2.11.3.so
7f0fcd985000-7f0fcd986000 r--p 00002000 08:01 9004335                    /lib/libdl-2.11.3.so
7f0fcd986000-7f0fcd987000 rw-p 00003000 08:01 9004335                    /lib/libdl-2.11.3.so
7f0fcd987000-7f0fcd98b000 r-xp 00000000 08:01 11206705                   /usr/lib/jvm/java-6-openjdk/jre/lib/amd64/jli/libjli.so
7f0fcd98b000-7f0fcdb8a000 ---p 00004000 08:01 11206705                   /usr/lib/jvm/java-6-openjdk/jre/lib/amd64/jli/libjli.so
7f0fcdb8a000-7f0fcdb8b000 rw-p 00003000 08:01 11206705                   /usr/lib/jvm/java-6-openjdk/jre/lib/amd64/jli/libjli.so
7f0fcdb8b000-7f0fcdba2000 r-xp 00000000 08:01 9003510                    /lib/libpthread-2.11.3.so
7f0fcdba2000-7f0fcdda1000 ---p 00017000 08:01 9003510                    /lib/libpthread-2.11.3.so
7f0fcdda1000-7f0fcdda2000 r--p 00016000 08:01 9003510                    /lib/libpthread-2.11.3.so
7f0fcdda2000-7f0fcdda3000 rw-p 00017000 08:01 9003510                    /lib/libpthread-2.11.3.so
7f0fcdda3000-7f0fcdda7000 rw-p 00000000 00:00 0 
7f0fcdda7000-7f0fcddbe000 r-xp 00000000 08:01 11076687                   /usr/lib/libz.so.1.2.3.4
7f0fcddbe000-7f0fcdfbd000 ---p 00017000 08:01 11076687                   /usr/lib/libz.so.1.2.3.4
7f0fcdfbd000-7f0fcdfbe000 rw-p 00016000 08:01 11076687                   /usr/lib/libz.so.1.2.3.4
7f0fcdfbe000-7f0fcdfdc000 r-xp 00000000 08:01 9003547                    /lib/ld-2.11.3.so
7f0fcdffd000-7f0fce000000 r--s 0000f000 08:01 11199974                   /usr/lib/jvm/java-6-openjdk/jre/lib/ext/pulse-java.jar
7f0fce000000-7f0fce00a000 rwxp 00000000 00:00 0 
7f0fce00a000-7f0fce0c0000 rwxp 00000000 00:00 0 
7f0fce0c0000-7f0fce0c3000 ---p 00000000 00:00 0 
7f0fce0c3000-7f0fce1c6000 rw-p 00000000 00:00 0 
7f0fce1c7000-7f0fce1cf000 r--s 00066000 08:01 9592838                    /usr/share/java/gnome-java-bridge.jar
7f0fce1cf000-7f0fce1d7000 rw-s 00000000 08:01 427951                     /tmp/hsperfdata_ryan/6195
7f0fce1d7000-7f0fce1d8000 rw-p 00000000 00:00 0 
7f0fce1d8000-7f0fce1d9000 r--p 00000000 00:00 0 
7f0fce1d9000-7f0fce1db000 rw-p 00000000 00:00 0 
7f0fce1db000-7f0fce1dc000 r--p 0001d000 08:01 9003547                    /lib/ld-2.11.3.so
7f0fce1dc000-7f0fce1dd000 rw-p 0001e000 08:01 9003547                    /lib/ld-2.11.3.so
7f0fce1dd000-7f0fce1de000 rw-p 00000000 00:00 0 
7fffea457000-7fffea46c000 rw-p 00000000 00:00 0                          [stack]
7fffea593000-7fffea594000 r-xp 00000000 00:00 0                          [vdso]
ffffffffff600000-ffffffffff601000 r-xp 00000000 00:00 0                  [vsyscall]

VM Arguments:
jvm_args: -agentlib:jdwp=transport=dt_socket,suspend=y,address=localhost:45429 -Dfile.encoding=UTF-8 
java_command: NoThreadCrawler *.c /home/ryan
Launcher Type: SUN_STANDARD

Environment Variables:
PATH=/usr/local/bin:/usr/bin:/bin:/usr/local/games:/usr/games
USERNAME=ryan
LD_LIBRARY_PATH=/usr/lib/jvm/java-6-openjdk/jre/lib/amd64/server:/usr/lib/jvm/java-6-openjdk/jre/lib/amd64:/usr/lib/jvm/java-6-openjdk/jre/../lib/amd64:/usr/lib/xulrunner-1.9.1
SHELL=/bin/bash
DISPLAY=:0.0

Signal Handlers:
SIGSEGV: [libjvm.so+0x683630], sa_mask[0]=0x7ffbfeff, sa_flags=0x10000004
SIGBUS: [libjvm.so+0x683630], sa_mask[0]=0x7ffbfeff, sa_flags=0x10000004
SIGFPE: [libjvm.so+0x5546b0], sa_mask[0]=0x7ffbfeff, sa_flags=0x10000004
SIGPIPE: [libjvm.so+0x5546b0], sa_mask[0]=0x7ffbfeff, sa_flags=0x10000004
SIGXFSZ: [libjvm.so+0x5546b0], sa_mask[0]=0x7ffbfeff, sa_flags=0x10000004
SIGILL: [libjvm.so+0x5546b0], sa_mask[0]=0x7ffbfeff, sa_flags=0x10000004
SIGUSR1: SIG_DFL, sa_mask[0]=0x00000000, sa_flags=0x00000000
SIGUSR2: [libjvm.so+0x553e50], sa_mask[0]=0x00000004, sa_flags=0x10000004
SIGHUP: [libjvm.so+0x556280], sa_mask[0]=0x7ffbfeff, sa_flags=0x10000004
SIGINT: [libjvm.so+0x556280], sa_mask[0]=0x7ffbfeff, sa_flags=0x10000004
SIGTERM: [libjvm.so+0x556280], sa_mask[0]=0x7ffbfeff, sa_flags=0x10000004
SIGQUIT: [libjvm.so+0x556280], sa_mask[0]=0x7ffbfeff, sa_flags=0x10000004


---------------  S Y S T E M  ---------------

OS:6.0.5

uname:Linux 2.6.32-5-amd64 #1 SMP Sun May 6 04:00:17 UTC 2012 x86_64
libc:glibc 2.11.3 NPTL 2.11.3 
rlimit: STACK 8192k, CORE 0k, NPROC infinity, NOFILE 1024, AS infinity
load average:0.15 0.20 0.38

CPU:total 4 (4 cores per cpu, 1 threads per core) family 16 model 4 stepping 3, cmov, cx8, fxsr, mmx, sse, sse2, sse3, mmxext, 3dnow, 3dnowext, sse4a

Memory: 4k page, physical 8196824k(5250976k free), swap 7947256k(7947256k free)

vm_info: OpenJDK 64-Bit Server VM (14.0-b16) for linux-amd64 JRE (1.6.0_18-b18), built on Feb 25 2012 16:21:03 by "pbuilder" with gcc 4.4.5

time: Sat Nov 17 22:38:51 2012
elapsed time: 236 seconds

